<?xml version="1.0" encoding="UTF-8"?>
<!-- Generated by org.testng.reporters.JUnitReportReporter -->
<testsuite skipped="3" hostname="DESKTOP-IN0JCKC" name="tests.HotelLogin" tests="6" failures="0" timestamp="07 Jul 2020 23:51:24 GMT" time="41.597" errors="0">
  <testcase name="loginWithParameters" time="15.903" classname="tests.HotelLogin"/>
  <testcase name="loginToHotelPage" time="17.284" classname="tests.HotelLogin"/>
  <testcase name="testThree" time="8.410" classname="tests.HotelLogin"/>
  <testcase name="testFive" classname="tests.HotelLogin">
    <skipped/>
  </testcase> <!-- testFive -->
  <testcase name="testSix" classname="tests.HotelLogin">
    <skipped/>
  </testcase> <!-- testSix -->
  <testcase name="testFour" classname="tests.HotelLogin">
    <skipped/>
  </testcase> <!-- testFour -->
</testsuite> <!-- tests.HotelLogin -->
